<?xml version="1.0" encoding="UTF-8"?>
<testsuite xmlns:xsi="http://www.w3.org/2001/XMLSchema-instance" xsi:noNamespaceSchemaLocation="https://maven.apache.org/surefire/maven-surefire-plugin/xsd/surefire-test-report.xsd" version="3.0.2" name="com.kingsrook.qbits.crm.activities.processes.FireRemindersProcessTest" time="0.026" tests="3" errors="0" skipped="0" failures="0">
  <properties>
[...]
</properties>
  <testcase name="testQBitProduces" classname="com.kingsrook.qbits.crm.activities.processes.FireRemindersProcessTest" time="0.008">
    <system-out><![CDATA[&amp#27;[33m2026-03-28T19:01:29,136 | WARN | main | AbstractProcessMetaDataBuilder | {"message":"Could not find process input field for setting default value","processName":"bulkAssignOwner","fieldName":"newOwnerUserId","session":{"id":"unknown"}}
&amp#27;[m&amp#27;[32m2026-03-28T19:01:29,143 | INFO | main | QInstanceValidator | {"message":"Validation (and enrichment) performance","millis":6,"session":{"id":"unknown"}}
&amp#27;[m]]></system-out>
  </testcase>
  <testcase name="testFutureReminderNotFired" classname="com.kingsrook.qbits.crm.activities.processes.FireRemindersProcessTest" time="0.009">
    <system-out><![CDATA[&amp#27;[33m2026-03-28T19:01:29,145 | WARN | main | AbstractProcessMetaDataBuilder | {"message":"Could not find process input field for setting default value","processName":"bulkAssignOwner","fieldName":"newOwnerUserId","session":{"id":"unknown"}}
&amp#27;[m&amp#27;[32m2026-03-28T19:01:29,151 | INFO | main | QInstanceValidator | {"message":"Validation (and enrichment) performance","millis":6,"session":{"id":"unknown"}}
&amp#27;[m&amp#27;[36m2026-03-28T19:01:29,152 | DEBUG | main | RunProcessAction | {"message":"Running backend step [execute] in process [fireReminders]","session":{"id":"b0b2e580-84e6-47d7-be7e-8b7c61821d98","user":"unknown"}}
&amp#27;[m]]></system-out>
  </testcase>
  <testcase name="testFireReminders" classname="com.kingsrook.qbits.crm.activities.processes.FireRemindersProcessTest" time="0.009">
    <system-out><![CDATA[&amp#27;[33m2026-03-28T19:01:29,153 | WARN | main | AbstractProcessMetaDataBuilder | {"message":"Could not find process input field for setting default value","processName":"bulkAssignOwner","fieldName":"newOwnerUserId","session":{"id":"unknown"}}
&amp#27;[m&amp#27;[32m2026-03-28T19:01:29,160 | INFO | main | QInstanceValidator | {"message":"Validation (and enrichment) performance","millis":6,"session":{"id":"unknown"}}
&amp#27;[m&amp#27;[36m2026-03-28T19:01:29,160 | DEBUG | main | RunProcessAction | {"message":"Running backend step [execute] in process [fireReminders]","session":{"id":"616c213d-622b-407f-a808-b6329ac4ae17","user":"unknown"}}
&amp#27;[m]]></system-out>
  </testcase>
</testsuite>